Build started 1/20/2016 11:36:22 AM.
     1>Project "C:\Users\Chuck\Desktop\CS5610\Assignments 2016\Assignment 1\VS2013 sb7\gettingStarted\gettingStarted.vcxproj" on node 2 (Rebuild target(s)).
     1>ClCompile:
         C:\Program Files (x86)\Microsoft Visual Studio 12.0\VC\bin\CL.exe /c /I"C:\Users\Chuck\Desktop\CS5610\Assignments 2016\Assignment 1\CorrectArcballAssignment1\gettingStarted\include" /ZI /nologo /W3 /WX- /Od /Oy- /D WIN32 /D _DEBUG /D _WINDOWS /D _UNICODE /D UNICODE /Gm /EHsc /RTC1 /MDd /GS /fp:precise /Zc:wchar_t /Zc:forScope /Fo"gettingStarted_Debug\\" /Fd"gettingStarted_Debug\vc120.pdb" /Gd /TP /analyze- /errorReport:prompt src\GettingStarted\gettingStarted.cpp
         gettingStarted.cpp
       Link:
         C:\Program Files (x86)\Microsoft Visual Studio 12.0\VC\bin\link.exe /ERRORREPORT:PROMPT /OUT:"C:\Users\Chuck\Desktop\CS5610\Assignments 2016\Assignment 1\VS2013 sb7\gettingStarted\bin\gettingStarted_dbg.exe" /INCREMENTAL /NOLOGO /LIBPATH:"C:\Users\Chuck\Desktop\CS5610\Assignments 2016\Assignment 1\VS2013 sb7\gettingStarted\lib" glfw3_d.lib sb7_d.lib kernel32.lib user32.lib gdi32.lib winspool.lib comdlg32.lib advapi32.lib shell32.lib ole32.lib oleaut32.lib uuid.lib odbc32.lib odbccp32.lib /MANIFEST /MANIFESTUAC:"level='asInvoker' uiAccess='false'" /manifest:embed /DEBUG /PDB:"C:\Users\Chuck\Desktop\CS5610\Assignments 2016\Assignment 1\VS2013 sb7\gettingStarted\bin\gettingStarted_dbg.pdb" /SUBSYSTEM:WINDOWS /TLBID:1 /DYNAMICBASE /NXCOMPAT /IMPLIB:"C:\Users\Chuck\Desktop\CS5610\Assignments 2016\Assignment 1\VS2013 sb7\gettingStarted\bin\gettingStarted_dbg.lib" /MACHINE:X86 gettingStarted_Debug\gettingStarted.obj
     1>glfw3_d.lib(window.obj) : error LNK2019: unresolved external symbol __imp__glClear@4 referenced in function _glfwCreateWindow
     1>glfw3_d.lib(context.obj) : error LNK2019: unresolved external symbol __imp__glGetIntegerv@8 referenced in function _glfwExtensionSupported
     1>glfw3_d.lib(context.obj) : error LNK2019: unresolved external symbol __imp__glGetString@4 referenced in function _glfwExtensionSupported
     1>glfw3_d.lib(wgl_context.obj) : error LNK2019: unresolved external symbol __imp__wglCreateContext@4 referenced in function __glfwCreateContext
     1>glfw3_d.lib(wgl_context.obj) : error LNK2019: unresolved external symbol __imp__wglDeleteContext@4 referenced in function __glfwDestroyContext
     1>glfw3_d.lib(wgl_context.obj) : error LNK2019: unresolved external symbol __imp__wglGetProcAddress@4 referenced in function __glfwPlatformGetProcAddress
     1>sb7_d.lib(gl3w.obj) : error LNK2001: unresolved external symbol __imp__wglGetProcAddress@4
     1>glfw3_d.lib(wgl_context.obj) : error LNK2019: unresolved external symbol __imp__wglMakeCurrent@8 referenced in function __glfwPlatformMakeContextCurrent
     1>glfw3_d.lib(wgl_context.obj) : error LNK2019: unresolved external symbol __imp__wglShareLists@8 referenced in function __glfwCreateContext
     1>C:\Users\Chuck\Desktop\CS5610\Assignments 2016\Assignment 1\VS2013 sb7\gettingStarted\bin\gettingStarted_dbg.exe : fatal error LNK1120: 8 unresolved externals
     1>Done Building Project "C:\Users\Chuck\Desktop\CS5610\Assignments 2016\Assignment 1\VS2013 sb7\gettingStarted\gettingStarted.vcxproj" (Rebuild target(s)) -- FAILED.

Build FAILED.

Time Elapsed 00:00:00.45
