Build started 1/19/2016 11:15:13 AM.
     1>Project "C:\Users\Chuck\Desktop\CS5610\Assignments 2016\Assignment 1\CorrectArcballAssignment1\gettingStarted\build\vs2010\gettingStarted.vcxproj" on node 2 (Rebuild target(s)).
     1>ClCompile:
         C:\Program Files (x86)\Microsoft Visual Studio 12.0\VC\bin\CL.exe /c /I"C:\Users\Chuck\Desktop\CS5610\Assignments 2016\Assignment 1\CorrectArcballAssignment1\gettingStarted\extern\glfw-2.7.6\include" /I"C:\Users\Chuck\Desktop\CS5610\Assignments 2016\Assignment 1\CorrectArcballAssignment1\gettingStarted\include" /ZI /nologo /W3 /WX- /Od /Oy- /D WIN32 /D _DEBUG /D _WINDOWS /D _UNICODE /D UNICODE /Gm /EHsc /RTC1 /MDd /GS /fp:precise /Zc:wchar_t /Zc:forScope /Fo"gettingStarted_Debug\\" /Fd"gettingStarted_Debug\vc120.pdb" /Gd /TP /analyze- /errorReport:prompt ..\..\src\GettingStarted\gettingStarted.cpp
         gettingStarted.cpp
       Link:
         C:\Program Files (x86)\Microsoft Visual Studio 12.0\VC\bin\link.exe /ERRORREPORT:PROMPT /OUT:"C:\Users\Chuck\Desktop\CS5610\Assignments 2016\Assignment 1\CorrectArcballAssignment1\gettingStarted\bin\gettingStarted_dbg.exe" /INCREMENTAL /NOLOGO kernel32.lib user32.lib gdi32.lib winspool.lib comdlg32.lib advapi32.lib shell32.lib ole32.lib oleaut32.lib uuid.lib odbc32.lib odbccp32.lib /MANIFEST /MANIFESTUAC:"level='asInvoker' uiAccess='false'" /manifest:embed /DEBUG /PDB:"C:\Users\Chuck\Desktop\CS5610\Assignments 2016\Assignment 1\CorrectArcballAssignment1\gettingStarted\bin\gettingStarted_dbg.pdb" /SUBSYSTEM:WINDOWS /TLBID:1 /DYNAMICBASE /NXCOMPAT /IMPLIB:"C:\Users\Chuck\Desktop\CS5610\Assignments 2016\Assignment 1\CorrectArcballAssignment1\gettingStarted\bin\gettingStarted_dbg.lib" /MACHINE:X86 gettingStarted_Debug\gettingStarted.obj
     1>GLFW_d32.lib(enable.obj) : warning LNK4099: PDB 'vc100.pdb' was not found with 'GLFW_d32.lib(enable.obj)' or at 'C:\Users\Chuck\Desktop\CS5610\Assignments 2016\Assignment 1\CorrectArcballAssignment1\gettingStarted\bin\vc100.pdb'; linking object as if no debug info
     1>GLFW_d32.lib(fullscreen.obj) : warning LNK4099: PDB 'vc100.pdb' was not found with 'GLFW_d32.lib(fullscreen.obj)' or at 'C:\Users\Chuck\Desktop\CS5610\Assignments 2016\Assignment 1\CorrectArcballAssignment1\gettingStarted\bin\vc100.pdb'; linking object as if no debug info
     1>GLFW_d32.lib(glext.obj) : warning LNK4099: PDB 'vc100.pdb' was not found with 'GLFW_d32.lib(glext.obj)' or at 'C:\Users\Chuck\Desktop\CS5610\Assignments 2016\Assignment 1\CorrectArcballAssignment1\gettingStarted\bin\vc100.pdb'; linking object as if no debug info
     1>GLFW_d32.lib(init.obj) : warning LNK4099: PDB 'vc100.pdb' was not found with 'GLFW_d32.lib(init.obj)' or at 'C:\Users\Chuck\Desktop\CS5610\Assignments 2016\Assignment 1\CorrectArcballAssignment1\gettingStarted\bin\vc100.pdb'; linking object as if no debug info
     1>GLFW_d32.lib(input.obj) : warning LNK4099: PDB 'vc100.pdb' was not found with 'GLFW_d32.lib(input.obj)' or at 'C:\Users\Chuck\Desktop\CS5610\Assignments 2016\Assignment 1\CorrectArcballAssignment1\gettingStarted\bin\vc100.pdb'; linking object as if no debug info
     1>GLFW_d32.lib(time.obj) : warning LNK4099: PDB 'vc100.pdb' was not found with 'GLFW_d32.lib(time.obj)' or at 'C:\Users\Chuck\Desktop\CS5610\Assignments 2016\Assignment 1\CorrectArcballAssignment1\gettingStarted\bin\vc100.pdb'; linking object as if no debug info
     1>GLFW_d32.lib(win32_enable.obj) : warning LNK4099: PDB 'vc100.pdb' was not found with 'GLFW_d32.lib(win32_enable.obj)' or at 'C:\Users\Chuck\Desktop\CS5610\Assignments 2016\Assignment 1\CorrectArcballAssignment1\gettingStarted\bin\vc100.pdb'; linking object as if no debug info
     1>GLFW_d32.lib(win32_fullscreen.obj) : warning LNK4099: PDB 'vc100.pdb' was not found with 'GLFW_d32.lib(win32_fullscreen.obj)' or at 'C:\Users\Chuck\Desktop\CS5610\Assignments 2016\Assignment 1\CorrectArcballAssignment1\gettingStarted\bin\vc100.pdb'; linking object as if no debug info
     1>GLFW_d32.lib(win32_glext.obj) : warning LNK4099: PDB 'vc100.pdb' was not found with 'GLFW_d32.lib(win32_glext.obj)' or at 'C:\Users\Chuck\Desktop\CS5610\Assignments 2016\Assignment 1\CorrectArcballAssignment1\gettingStarted\bin\vc100.pdb'; linking object as if no debug info
     1>GLFW_d32.lib(win32_init.obj) : warning LNK4099: PDB 'vc100.pdb' was not found with 'GLFW_d32.lib(win32_init.obj)' or at 'C:\Users\Chuck\Desktop\CS5610\Assignments 2016\Assignment 1\CorrectArcballAssignment1\gettingStarted\bin\vc100.pdb'; linking object as if no debug info
     1>GLFW_d32.lib(win32_time.obj) : warning LNK4099: PDB 'vc100.pdb' was not found with 'GLFW_d32.lib(win32_time.obj)' or at 'C:\Users\Chuck\Desktop\CS5610\Assignments 2016\Assignment 1\CorrectArcballAssignment1\gettingStarted\bin\vc100.pdb'; linking object as if no debug info
     1>GLFW_d32.lib(win32_window.obj) : warning LNK4099: PDB 'vc100.pdb' was not found with 'GLFW_d32.lib(win32_window.obj)' or at 'C:\Users\Chuck\Desktop\CS5610\Assignments 2016\Assignment 1\CorrectArcballAssignment1\gettingStarted\bin\vc100.pdb'; linking object as if no debug info
     1>GLFW_d32.lib(window.obj) : warning LNK4099: PDB 'vc100.pdb' was not found with 'GLFW_d32.lib(window.obj)' or at 'C:\Users\Chuck\Desktop\CS5610\Assignments 2016\Assignment 1\CorrectArcballAssignment1\gettingStarted\bin\vc100.pdb'; linking object as if no debug info
     1>sb6_d32.lib(gl3w.obj) : warning LNK4099: PDB 'vc120.pdb' was not found with 'sb6_d32.lib(gl3w.obj)' or at 'C:\Users\Chuck\Desktop\CS5610\Assignments 2016\Assignment 1\CorrectArcballAssignment1\gettingStarted\bin\vc120.pdb'; linking object as if no debug info
     1>sb6_d32.lib(sb6.obj) : warning LNK4099: PDB 'vc120.pdb' was not found with 'sb6_d32.lib(sb6.obj)' or at 'C:\Users\Chuck\Desktop\CS5610\Assignments 2016\Assignment 1\CorrectArcballAssignment1\gettingStarted\bin\vc120.pdb'; linking object as if no debug info
     1>sb6_d32.lib(sb6object.obj) : warning LNK4099: PDB 'vc120.pdb' was not found with 'sb6_d32.lib(sb6object.obj)' or at 'C:\Users\Chuck\Desktop\CS5610\Assignments 2016\Assignment 1\CorrectArcballAssignment1\gettingStarted\bin\vc120.pdb'; linking object as if no debug info
     1>sb6_d32.lib(sb6shader.obj) : warning LNK4099: PDB 'vc120.pdb' was not found with 'sb6_d32.lib(sb6shader.obj)' or at 'C:\Users\Chuck\Desktop\CS5610\Assignments 2016\Assignment 1\CorrectArcballAssignment1\gettingStarted\bin\vc120.pdb'; linking object as if no debug info
         gettingStarted.vcxproj -> C:\Users\Chuck\Desktop\CS5610\Assignments 2016\Assignment 1\CorrectArcballAssignment1\gettingStarted\bin\gettingStarted_dbg.exe
     1>Done Building Project "C:\Users\Chuck\Desktop\CS5610\Assignments 2016\Assignment 1\CorrectArcballAssignment1\gettingStarted\build\vs2010\gettingStarted.vcxproj" (Rebuild target(s)).

Build succeeded.

Time Elapsed 00:00:01.13
